0 info it worked if it ends with ok
1 verbose cli [ '/usr/bin/nodejs', '/usr/bin/npm', 'install', 'google/font' ]
2 info using npm@3.6.0
3 info using node@v5.7.0
4 silly loadCurrentTree Starting
5 silly install loadCurrentTree
6 silly install readLocalPackageData
7 silly fetchPackageMetaData google/font
8 silly fetchOtherPackageData google/font
9 silly cache add args [ 'google/font', null ]
10 verbose cache add spec google/font
11 silly cache add parsed spec Result {
11 silly cache add   raw: 'google/font',
11 silly cache add   scope: null,
11 silly cache add   name: null,
11 silly cache add   rawSpec: 'google/font',
11 silly cache add   spec: 'github:google/font',
11 silly cache add   type: 'hosted',
11 silly cache add   hosted:
11 silly cache add    { type: 'github',
11 silly cache add      ssh: 'git@github.com:google/font.git',
11 silly cache add      sshUrl: 'git+ssh://git@github.com/google/font.git',
11 silly cache add      httpsUrl: 'git+https://github.com/google/font.git',
11 silly cache add      gitUrl: 'git://github.com/google/font.git',
11 silly cache add      shortcut: 'github:google/font',
11 silly cache add      directUrl: 'https://raw.githubusercontent.com/google/font/master/package.json' } }
12 verbose addRemoteGit caching google/font
13 verbose addRemoteGit google/font is a repository hosted by github
14 silly tryGitProto attempting to clone git://github.com/google/font.git
15 silly tryClone cloning google/font via git://github.com/google/font.git
16 verbose tryClone git-github-com-google-font-git-707e103d not in flight; caching
17 verbose correctMkdir /home/vagrant/.npm/_git-remotes correctMkdir not in flight; initializing
18 info git [ 'clone',
18 info git   '--template=/home/vagrant/.npm/_git-remotes/_templates',
18 info git   '--mirror',
18 info git   'git://github.com/google/font.git',
18 info git   '/home/vagrant/.npm/_git-remotes/git-github-com-google-font-git-707e103d' ]
19 verbose git clone --template=/home/vagrant/.npm/_git-remotes/_templates --mirror git://github.com/google/font.git /home/vagrant/.npm/_git-remotes/git-github-com-google-font-git-707e103d: Cloning into bare repository '/home/vagrant/.npm/_git-remotes/git-github-com-google-font-git-707e103d'...
19 verbose git clone --template=/home/vagrant/.npm/_git-remotes/_templates --mirror git://github.com/google/font.git /home/vagrant/.npm/_git-remotes/git-github-com-google-font-git-707e103d: warning: expected SRV RR, found RR type 1
19 verbose git clone --template=/home/vagrant/.npm/_git-remotes/_templates --mirror git://github.com/google/font.git /home/vagrant/.npm/_git-remotes/git-github-com-google-font-git-707e103d: fatal: remote error:
19 verbose git clone --template=/home/vagrant/.npm/_git-remotes/_templates --mirror git://github.com/google/font.git /home/vagrant/.npm/_git-remotes/git-github-com-google-font-git-707e103d:   Repository not found.
20 silly tryHTTPS attempting to clone git+https://github.com/google/font.git
21 silly tryClone cloning google/font via git+https://github.com/google/font.git
22 verbose tryClone git-https-github-com-google-font-git-7c8df05a not in flight; caching
23 verbose correctMkdir /home/vagrant/.npm/_git-remotes correctMkdir not in flight; initializing
24 info git [ 'clone',
24 info git   '--template=/home/vagrant/.npm/_git-remotes/_templates',
24 info git   '--mirror',
24 info git   'https://github.com/google/font.git',
24 info git   '/home/vagrant/.npm/_git-remotes/git-https-github-com-google-font-git-7c8df05a' ]
25 verbose git clone --template=/home/vagrant/.npm/_git-remotes/_templates --mirror https://github.com/google/font.git /home/vagrant/.npm/_git-remotes/git-https-github-com-google-font-git-7c8df05a: Cloning into bare repository '/home/vagrant/.npm/_git-remotes/git-https-github-com-google-font-git-7c8df05a'...
25 verbose git clone --template=/home/vagrant/.npm/_git-remotes/_templates --mirror https://github.com/google/font.git /home/vagrant/.npm/_git-remotes/git-https-github-com-google-font-git-7c8df05a: remote: Invalid username or password.
25 verbose git clone --template=/home/vagrant/.npm/_git-remotes/_templates --mirror https://github.com/google/font.git /home/vagrant/.npm/_git-remotes/git-https-github-com-google-font-git-7c8df05a: fatal: Authentication failed for 'https://github.com/google/font.git/'
26 silly trySSH attempting to clone git@github.com:google/font.git
27 silly tryClone cloning google/font via git@github.com:google/font.git
28 verbose tryClone git-github-com-google-font-git-1412b2e5 not in flight; caching
29 verbose correctMkdir /home/vagrant/.npm/_git-remotes correctMkdir not in flight; initializing
30 info git [ 'clone',
30 info git   '--template=/home/vagrant/.npm/_git-remotes/_templates',
30 info git   '--mirror',
30 info git   'git@github.com:google/font.git',
30 info git   '/home/vagrant/.npm/_git-remotes/git-github-com-google-font-git-1412b2e5' ]
31 error git clone --template=/home/vagrant/.npm/_git-remotes/_templates --mirror git@github.com:google/font.git /home/vagrant/.npm/_git-remotes/git-github-com-google-font-git-1412b2e5: Cloning into bare repository '/home/vagrant/.npm/_git-remotes/git-github-com-google-font-git-1412b2e5'...
31 error git clone --template=/home/vagrant/.npm/_git-remotes/_templates --mirror git@github.com:google/font.git /home/vagrant/.npm/_git-remotes/git-github-com-google-font-git-1412b2e5: Warning: Permanently added the RSA host key for IP address '192.30.253.113' to the list of known hosts.
31 error git clone --template=/home/vagrant/.npm/_git-remotes/_templates --mirror git@github.com:google/font.git /home/vagrant/.npm/_git-remotes/git-github-com-google-font-git-1412b2e5: ERROR: Repository not found.
31 error git clone --template=/home/vagrant/.npm/_git-remotes/_templates --mirror git@github.com:google/font.git /home/vagrant/.npm/_git-remotes/git-github-com-google-font-git-1412b2e5: fatal: Could not read from remote repository.
31 error git clone --template=/home/vagrant/.npm/_git-remotes/_templates --mirror git@github.com:google/font.git /home/vagrant/.npm/_git-remotes/git-github-com-google-font-git-1412b2e5:
31 error git clone --template=/home/vagrant/.npm/_git-remotes/_templates --mirror git@github.com:google/font.git /home/vagrant/.npm/_git-remotes/git-github-com-google-font-git-1412b2e5: Please make sure you have the correct access rights
31 error git clone --template=/home/vagrant/.npm/_git-remotes/_templates --mirror git@github.com:google/font.git /home/vagrant/.npm/_git-remotes/git-github-com-google-font-git-1412b2e5: and the repository exists.
32 silly fetchPackageMetaData Error: Command failed: git clone --template=/home/vagrant/.npm/_git-remotes/_templates --mirror git@github.com:google/font.git /home/vagrant/.npm/_git-remotes/git-github-com-google-font-git-1412b2e5
32 silly fetchPackageMetaData Cloning into bare repository '/home/vagrant/.npm/_git-remotes/git-github-com-google-font-git-1412b2e5'...
32 silly fetchPackageMetaData Warning: Permanently added the RSA host key for IP address '192.30.253.113' to the list of known hosts.
32 silly fetchPackageMetaData ERROR: Repository not found.
32 silly fetchPackageMetaData fatal: Could not read from remote repository.
32 silly fetchPackageMetaData
32 silly fetchPackageMetaData Please make sure you have the correct access rights
32 silly fetchPackageMetaData and the repository exists.
32 silly fetchPackageMetaData
32 silly fetchPackageMetaData     at ChildProcess.exithandler (child_process.js:202:12)
32 silly fetchPackageMetaData     at emitTwo (events.js:100:13)
32 silly fetchPackageMetaData     at ChildProcess.emit (events.js:185:7)
32 silly fetchPackageMetaData     at maybeClose (internal/child_process.js:827:16)
32 silly fetchPackageMetaData     at Process.ChildProcess._handle.onexit (internal/child_process.js:211:5)
32 silly fetchPackageMetaData  error for google/font { [Error: Command failed: git clone --template=/home/vagrant/.npm/_git-remotes/_templates --mirror git@github.com:google/font.git /home/vagrant/.npm/_git-remotes/git-github-com-google-font-git-1412b2e5
32 silly fetchPackageMetaData Cloning into bare repository '/home/vagrant/.npm/_git-remotes/git-github-com-google-font-git-1412b2e5'...
32 silly fetchPackageMetaData Warning: Permanently added the RSA host key for IP address '192.30.253.113' to the list of known hosts.
32 silly fetchPackageMetaData ERROR: Repository not found.
32 silly fetchPackageMetaData fatal: Could not read from remote repository.
32 silly fetchPackageMetaData
32 silly fetchPackageMetaData Please make sure you have the correct access rights
32 silly fetchPackageMetaData and the repository exists.
32 silly fetchPackageMetaData ]
32 silly fetchPackageMetaData   killed: false,
32 silly fetchPackageMetaData   code: 128,
32 silly fetchPackageMetaData   signal: null,
32 silly fetchPackageMetaData   cmd: 'git clone --template=/home/vagrant/.npm/_git-remotes/_templates --mirror git@github.com:google/font.git /home/vagrant/.npm/_git-remotes/git-github-com-google-font-git-1412b2e5' }
33 silly rollbackFailedOptional Starting
34 silly rollbackFailedOptional Finishing
35 silly runTopLevelLifecycles Starting
36 silly runTopLevelLifecycles Finishing
37 silly install printInstalled
38 verbose stack Error: Command failed: git clone --template=/home/vagrant/.npm/_git-remotes/_templates --mirror git@github.com:google/font.git /home/vagrant/.npm/_git-remotes/git-github-com-google-font-git-1412b2e5
38 verbose stack Cloning into bare repository '/home/vagrant/.npm/_git-remotes/git-github-com-google-font-git-1412b2e5'...
38 verbose stack Warning: Permanently added the RSA host key for IP address '192.30.253.113' to the list of known hosts.
38 verbose stack ERROR: Repository not found.
38 verbose stack fatal: Could not read from remote repository.
38 verbose stack
38 verbose stack Please make sure you have the correct access rights
38 verbose stack and the repository exists.
38 verbose stack
38 verbose stack     at ChildProcess.exithandler (child_process.js:202:12)
38 verbose stack     at emitTwo (events.js:100:13)
38 verbose stack     at ChildProcess.emit (events.js:185:7)
38 verbose stack     at maybeClose (internal/child_process.js:827:16)
38 verbose stack     at Process.ChildProcess._handle.onexit (internal/child_process.js:211:5)
39 verbose cwd /home/vagrant/laravel/plurjan
40 error Linux 3.19.0-25-generic
41 error argv "/usr/bin/nodejs" "/usr/bin/npm" "install" "google/font"
42 error node v5.7.0
43 error npm  v3.6.0
44 error code 128
45 error Command failed: git clone --template=/home/vagrant/.npm/_git-remotes/_templates --mirror git@github.com:google/font.git /home/vagrant/.npm/_git-remotes/git-github-com-google-font-git-1412b2e5
45 error Cloning into bare repository '/home/vagrant/.npm/_git-remotes/git-github-com-google-font-git-1412b2e5'...
45 error Warning: Permanently added the RSA host key for IP address '192.30.253.113' to the list of known hosts.
45 error ERROR: Repository not found.
45 error fatal: Could not read from remote repository.
45 error
45 error Please make sure you have the correct access rights
45 error and the repository exists.
46 error If you need help, you may report this error at:
46 error     <https://github.com/npm/npm/issues>
47 verbose exit [ 1, true ]
